[debug] [2024-12-04T09:58:48.339Z] ----------------------------------------------------------------------
[debug] [2024-12-04T09:58:48.340Z] Command:       C:\Program Files\nodejs\node.exe C:\Users\azhar\AppData\Roaming\npm\node_modules\firebase-tools\lib\bin\firebase.js emulators:start
[debug] [2024-12-04T09:58:48.340Z] CLI Version:   13.27.0
[debug] [2024-12-04T09:58:48.341Z] Platform:      win32
[debug] [2024-12-04T09:58:48.341Z] Node Version:  v18.18.1
[debug] [2024-12-04T09:58:48.341Z] Time:          Wed Dec 04 2024 16:58:48 GMT+0700 (Western Indonesia Time)
[debug] [2024-12-04T09:58:48.341Z] ----------------------------------------------------------------------
[debug] 
[debug] [2024-12-04T09:58:48.423Z] > command requires scopes: ["email","openid","https://www.googleapis.com/auth/cloudplatformprojects.readonly","https://www.googleapis.com/auth/firebase","https://www.googleapis.com/auth/cloud-platform"]
[debug] [2024-12-04T09:58:48.423Z] > authorizing via signed-in user (azharogi@gmail.com)
[debug] [2024-12-04T09:58:48.498Z] java version "23.0.1" 2024-10-15

[debug] [2024-12-04T09:58:48.498Z] Java(TM) SE Runtime Environment (build 23.0.1+11-39)
Java HotSpot(TM) 64-Bit Server VM (build 23.0.1+11-39, mixed mode, sharing)

[debug] [2024-12-04T09:58:48.511Z] Parsed Java major version: 23
[info] i  emulators: Starting emulators: auth, functions, firestore, extensions {"metadata":{"emulator":{"name":"hub"},"message":"Starting emulators: auth, functions, firestore, extensions"}}
[debug] [2024-12-04T09:58:48.513Z] Checked if tokens are valid: true, expires at: 1733308111137
[debug] [2024-12-04T09:58:48.513Z] Checked if tokens are valid: true, expires at: 1733308111137
[debug] [2024-12-04T09:58:48.514Z] >>> [apiv2][query] GET https://cloudresourcemanager.googleapis.com/v1/projects/ebuddy-test-5d9dc [none]
[debug] [2024-12-04T09:58:49.699Z] <<< [apiv2][status] GET https://cloudresourcemanager.googleapis.com/v1/projects/ebuddy-test-5d9dc 200
[debug] [2024-12-04T09:58:49.700Z] <<< [apiv2][body] GET https://cloudresourcemanager.googleapis.com/v1/projects/ebuddy-test-5d9dc {"projectNumber":"235911371283","projectId":"ebuddy-test-5d9dc","lifecycleState":"ACTIVE","name":"ebuddy-test","labels":{"firebase":"enabled"},"createTime":"2024-12-03T09:01:15.394904Z"}
[debug] [2024-12-04T09:58:49.711Z] [logging] Logging Emulator only supports listening on one address (127.0.0.1). Not listening on ::1
[debug] [2024-12-04T09:58:49.711Z] [auth] Authentication Emulator only supports listening on one address (127.0.0.1). Not listening on ::1
[debug] [2024-12-04T09:58:49.711Z] [firestore] Firestore Emulator only supports listening on one address (127.0.0.1). Not listening on ::1
[debug] [2024-12-04T09:58:49.711Z] [firestore.websocket] websocket server for firestore only supports listening on one address (127.0.0.1). Not listening on ::1
[debug] [2024-12-04T09:58:49.711Z] assigned listening specs for emulators {"user":{"hub":[{"address":"127.0.0.1","family":"IPv4","port":4400},{"address":"::1","family":"IPv6","port":4400}],"ui":[{"address":"127.0.0.1","family":"IPv4","port":4000},{"address":"::1","family":"IPv6","port":4000}],"logging":[{"address":"127.0.0.1","family":"IPv4","port":4500}],"auth":[{"address":"127.0.0.1","family":"IPv4","port":9099}],"firestore":[{"address":"127.0.0.1","family":"IPv4","port":8080}],"firestore.websocket":[{"address":"127.0.0.1","family":"IPv4","port":9150}]},"metadata":{"message":"assigned listening specs for emulators"}}
[debug] [2024-12-04T09:58:49.716Z] [hub] writing locator at C:\Users\azhar\AppData\Local\Temp\hub-ebuddy-test-5d9dc.json
[debug] [2024-12-04T09:58:49.722Z] [Extensions] Started Extensions emulator, this is a noop.
[debug] [2024-12-04T09:58:49.725Z] [functions] Functions Emulator only supports listening on one address (127.0.0.1). Not listening on ::1
[debug] [2024-12-04T09:58:49.725Z] [eventarc] Eventarc Emulator only supports listening on one address (127.0.0.1). Not listening on ::1
[debug] [2024-12-04T09:58:49.725Z] [tasks] Cloud Tasks Emulator only supports listening on one address (127.0.0.1). Not listening on ::1
[debug] [2024-12-04T09:58:49.725Z] late-assigned ports for functions and eventarc emulators {"user":{"hub":[{"address":"127.0.0.1","family":"IPv4","port":4400},{"address":"::1","family":"IPv6","port":4400}],"ui":[{"address":"127.0.0.1","family":"IPv4","port":4000},{"address":"::1","family":"IPv6","port":4000}],"logging":[{"address":"127.0.0.1","family":"IPv4","port":4500}],"auth":[{"address":"127.0.0.1","family":"IPv4","port":9099}],"firestore":[{"address":"127.0.0.1","family":"IPv4","port":8080}],"firestore.websocket":[{"address":"127.0.0.1","family":"IPv4","port":9150}],"functions":[{"address":"127.0.0.1","family":"IPv4","port":5001}],"eventarc":[{"address":"127.0.0.1","family":"IPv4","port":9299}],"tasks":[{"address":"127.0.0.1","family":"IPv4","port":9499}]},"metadata":{"message":"late-assigned ports for functions and eventarc emulators"}}
[warn] !  functions: The following emulators are not running, calls to these services from the Functions emulator will affect production: apphosting, database, hosting, pubsub, storage, dataconnect {"metadata":{"emulator":{"name":"functions"},"message":"The following emulators are not running, calls to these services from the Functions emulator will affect production: \u001b[1mapphosting, database, hosting, pubsub, storage, dataconnect\u001b[22m"}}
[debug] [2024-12-04T09:58:49.728Z] defaultcredentials: writing to file C:\Users\azhar\AppData\Roaming\firebase\azharogi_gmail_com_application_default_credentials.json
[debug] [2024-12-04T09:58:49.730Z] Setting GAC to C:\Users\azhar\AppData\Roaming\firebase\azharogi_gmail_com_application_default_credentials.json {"metadata":{"emulator":{"name":"functions"},"message":"Setting GAC to C:\\Users\\azhar\\AppData\\Roaming\\firebase\\azharogi_gmail_com_application_default_credentials.json"}}
[debug] [2024-12-04T09:58:49.730Z] Checked if tokens are valid: true, expires at: 1733308111137
[debug] [2024-12-04T09:58:49.730Z] Checked if tokens are valid: true, expires at: 1733308111137
[debug] [2024-12-04T09:58:49.730Z] >>> [apiv2][query] GET https://firebase.googleapis.com/v1beta1/projects/ebuddy-test-5d9dc/adminSdkConfig [none]
[debug] [2024-12-04T09:58:50.870Z] <<< [apiv2][status] GET https://firebase.googleapis.com/v1beta1/projects/ebuddy-test-5d9dc/adminSdkConfig 200
[debug] [2024-12-04T09:58:50.870Z] <<< [apiv2][body] GET https://firebase.googleapis.com/v1beta1/projects/ebuddy-test-5d9dc/adminSdkConfig {"projectId":"ebuddy-test-5d9dc","storageBucket":"ebuddy-test-5d9dc.firebasestorage.app"}
[warn] !  firestore: Cloud Firestore Emulator does not support multiple databases yet. {"metadata":{"emulator":{"name":"firestore"},"message":"Cloud Firestore Emulator does not support multiple databases yet."}}
[warn] !  firestore: Did not find a Cloud Firestore rules file specified in a firebase.json config file. {"metadata":{"emulator":{"name":"firestore"},"message":"Did not find a Cloud Firestore rules file specified in a firebase.json config file."}}
[warn] !  firestore: The emulator will default to allowing all reads and writes. Learn more about this option: https://firebase.google.com/docs/emulator-suite/install_and_configure#security_rules_configuration. {"metadata":{"emulator":{"name":"firestore"},"message":"The emulator will default to allowing all reads and writes. Learn more about this option: https://firebase.google.com/docs/emulator-suite/install_and_configure#security_rules_configuration."}}
[debug] [2024-12-04T09:58:50.899Z] Ignoring unsupported arg: auto_download {"metadata":{"emulator":{"name":"firestore"},"message":"Ignoring unsupported arg: auto_download"}}
[debug] [2024-12-04T09:58:50.899Z] Ignoring unsupported arg: single_project_mode_error {"metadata":{"emulator":{"name":"firestore"},"message":"Ignoring unsupported arg: single_project_mode_error"}}
[debug] [2024-12-04T09:58:50.899Z] Starting Firestore Emulator with command {"binary":"java","args":["-Dgoogle.cloud_firestore.debug_log_level=FINE","-Duser.language=en","-jar","C:\\Users\\azhar\\.cache\\firebase\\emulators\\cloud-firestore-emulator-v1.19.8.jar","--host","127.0.0.1","--port",8080,"--websocket_port",9150,"--project_id","ebuddy-test-5d9dc","--single_project_mode",true,"--functions_emulator","127.0.0.1:5001"],"optionalArgs":["port","webchannel_port","host","rules","websocket_port","functions_emulator","seed_from_export","project_id","single_project_mode"],"joinArgs":false,"shell":false,"port":8080} {"metadata":{"emulator":{"name":"firestore"},"message":"Starting Firestore Emulator with command {\"binary\":\"java\",\"args\":[\"-Dgoogle.cloud_firestore.debug_log_level=FINE\",\"-Duser.language=en\",\"-jar\",\"C:\\\\Users\\\\azhar\\\\.cache\\\\firebase\\\\emulators\\\\cloud-firestore-emulator-v1.19.8.jar\",\"--host\",\"127.0.0.1\",\"--port\",8080,\"--websocket_port\",9150,\"--project_id\",\"ebuddy-test-5d9dc\",\"--single_project_mode\",true,\"--functions_emulator\",\"127.0.0.1:5001\"],\"optionalArgs\":[\"port\",\"webchannel_port\",\"host\",\"rules\",\"websocket_port\",\"functions_emulator\",\"seed_from_export\",\"project_id\",\"single_project_mode\"],\"joinArgs\":false,\"shell\":false,\"port\":8080}"}}
[info] i  firestore: Firestore Emulator logging to firestore-debug.log {"metadata":{"emulator":{"name":"firestore"},"message":"Firestore Emulator logging to \u001b[1mfirestore-debug.log\u001b[22m"}}
[info] +  firestore: Firestore Emulator UI websocket is running on 9150. {"metadata":{"emulator":{"name":"firestore"},"message":"Firestore Emulator UI websocket is running on 9150."}}
[debug] [2024-12-04T09:58:56.195Z] [Extensions] Connecting Extensions emulator, this is a noop.
[info] i  functions: Watching "F:\Projex\Ebuddy\ebuddy-backend-repo\functions" for Cloud Functions... {"metadata":{"emulator":{"name":"functions"},"message":"Watching \"F:\\Projex\\Ebuddy\\ebuddy-backend-repo\\functions\" for Cloud Functions..."}}
[debug] [2024-12-04T09:58:56.201Z] Validating nodejs source
[debug] [2024-12-04T09:58:57.211Z] > [functions] package.json contents: {
  "name": "functions",
  "scripts": {
    "lint": "eslint --ext .js,.ts .",
    "build": "tsc",
    "build:watch": "tsc --watch",
    "serve": "npm run build && firebase emulators:start --only functions",
    "shell": "npm run build && firebase functions:shell",
    "start": "npm run shell",
    "deploy": "firebase deploy --only functions",
    "logs": "firebase functions:log"
  },
  "engines": {
    "node": "18"
  },
  "main": "lib/index.js",
  "dependencies": {
    "firebase-admin": "^12.6.0",
    "firebase-functions": "^6.0.1"
  },
  "devDependencies": {
    "@typescript-eslint/eslint-plugin": "^5.12.0",
    "@typescript-eslint/parser": "^5.12.0",
    "eslint": "^8.9.0",
    "eslint-config-google": "^0.14.0",
    "eslint-plugin-import": "^2.25.4",
    "firebase-functions-test": "^3.1.0",
    "typescript": "^4.9.0"
  },
  "private": true
}
[debug] [2024-12-04T09:58:57.211Z] Building nodejs source
[debug] [2024-12-04T09:58:57.211Z] Failed to find version of module node: reached end of search path F:\Projex\Ebuddy\ebuddy-backend-repo\functions\node_modules
[info] +  functions: Using node@18 from host. 
[debug] [2024-12-04T09:58:57.213Z] Could not find functions.yaml. Must use http discovery
[debug] [2024-12-04T09:58:57.217Z] Found firebase-functions binary at 'F:\Projex\Ebuddy\ebuddy-backend-repo\functions\node_modules\.bin\firebase-functions'
[info] Serving at port 8469

[info] Using Firestore Emulator

[debug] [2024-12-04T09:58:57.569Z] Got response from /__/functions.yaml {"endpoints":{"api":{"availableMemoryMb":null,"timeoutSeconds":null,"minInstances":null,"maxInstances":null,"ingressSettings":null,"concurrency":null,"serviceAccountEmail":null,"vpc":null,"platform":"gcfv2","labels":{},"httpsTrigger":{},"entryPoint":"api"}},"specVersion":"v1alpha1","requiredAPIs":[],"extensions":{}}
[debug] [2024-12-04T09:58:57.587Z] defaultcredentials: writing to file C:\Users\azhar\AppData\Roaming\firebase\azharogi_gmail_com_application_default_credentials.json
[debug] [2024-12-04T09:58:57.587Z] Setting GAC to C:\Users\azhar\AppData\Roaming\firebase\azharogi_gmail_com_application_default_credentials.json {"metadata":{"emulator":{"name":"functions"},"message":"Setting GAC to C:\\Users\\azhar\\AppData\\Roaming\\firebase\\azharogi_gmail_com_application_default_credentials.json"}}
[info] +  functions: Loaded functions definitions from source: api. {"metadata":{"emulator":{"name":"functions"},"message":"Loaded functions definitions from source: api."}}
[info] +  functions[us-central1-api]: http function initialized (http://127.0.0.1:5001/ebuddy-test-5d9dc/us-central1/api). {"metadata":{"emulator":{"name":"functions"},"message":"\u001b[1mhttp\u001b[22m function initialized (http://127.0.0.1:5001/ebuddy-test-5d9dc/us-central1/api)."}}
[debug] [2024-12-04T09:58:57.592Z] Could not find VSCode notification endpoint: FetchError: request to http://localhost:40001/vscode/notify failed, reason: connect ECONNREFUSED ::1:40001. If you are not running the Firebase Data Connect VSCode extension, this is expected and not an issue.
[info] 
┌─────────────────────────────────────────────────────────────┐
│ ✔  All emulators ready! It is now safe to connect your app. │
│ i  View Emulator UI at http://127.0.0.1:4000/               │
└─────────────────────────────────────────────────────────────┘

┌────────────────┬────────────────┬──────────────────────────────────┐
│ Emulator       │ Host:Port      │ View in Emulator UI              │
├────────────────┼────────────────┼──────────────────────────────────┤
│ Authentication │ 127.0.0.1:9099 │ http://127.0.0.1:4000/auth       │
├────────────────┼────────────────┼──────────────────────────────────┤
│ Functions      │ 127.0.0.1:5001 │ http://127.0.0.1:4000/functions  │
├────────────────┼────────────────┼──────────────────────────────────┤
│ Firestore      │ 127.0.0.1:8080 │ http://127.0.0.1:4000/firestore  │
├────────────────┼────────────────┼──────────────────────────────────┤
│ Extensions     │ 127.0.0.1:5001 │ http://127.0.0.1:4000/extensions │
└────────────────┴────────────────┴──────────────────────────────────┘
  Emulator Hub running at 127.0.0.1:4400
  Other reserved ports: 4500, 9150
┌─────────────────────────┬───────────────┬─────────────────────┐
│ Extension Instance Name │ Extension Ref │ View in Emulator UI │
└─────────────────────────┴───────────────┴─────────────────────┘
Issues? Report them at https://github.com/firebase/firebase-tools/issues and attach the *-debug.log files.
 
[debug] [2024-12-04T09:59:23.229Z] [work-queue] {"queuedWork":["/ebuddy-test-5d9dc/us-central1/api/fetch-user-data-2024-12-04T09:59:23.229Z"],"queueLength":1,"runningWork":[],"workRunningCount":0}
[debug] [2024-12-04T09:59:23.229Z] [work-queue] {"queuedWork":[],"queueLength":0,"runningWork":["/ebuddy-test-5d9dc/us-central1/api/fetch-user-data-2024-12-04T09:59:23.229Z"],"workRunningCount":1}
[debug] [2024-12-04T09:59:23.230Z] Accepted request OPTIONS /ebuddy-test-5d9dc/us-central1/api/fetch-user-data --> us-central1-api
[debug] [2024-12-04T09:59:23.232Z] [functions] Runtime ready! Sending request! {"metadata":{"emulator":{"name":"functions"},"message":"[functions] Runtime ready! Sending request!"}}
[debug] [2024-12-04T09:59:23.232Z] [functions] Got req.url=/ebuddy-test-5d9dc/us-central1/api/fetch-user-data, mapping to path=/fetch-user-data {"metadata":{"emulator":{"name":"functions"},"message":"[functions] Got req.url=/ebuddy-test-5d9dc/us-central1/api/fetch-user-data, mapping to path=/fetch-user-data"}}
[debug] [2024-12-04T09:59:23.240Z] [worker-pool] addWorker(us-central1-api) {"metadata":{"emulator":{"name":"functions"},"message":"[worker-pool] addWorker(us-central1-api)"}}
[debug] [2024-12-04T09:59:23.240Z] [worker-pool] Adding worker with key us-central1-api, total=1 {"metadata":{"emulator":{"name":"functions"},"message":"[worker-pool] Adding worker with key us-central1-api, total=1"}}
[debug] [2024-12-04T09:59:24.175Z] [runtime-status] [36040] Resolved module firebase-admin {"declared":true,"installed":true,"version":"12.7.0","resolution":"F:\\Projex\\Ebuddy\\ebuddy-backend-repo\\functions\\node_modules\\firebase-admin\\lib\\index.js"} {"metadata":{"emulator":{"name":"functions"},"function":{"name":"us-central1-api"},"extension":{},"message":"[runtime-status] [36040] Resolved module firebase-admin {\"declared\":true,\"installed\":true,\"version\":\"12.7.0\",\"resolution\":\"F:\\\\Projex\\\\Ebuddy\\\\ebuddy-backend-repo\\\\functions\\\\node_modules\\\\firebase-admin\\\\lib\\\\index.js\"}"}}
[debug] [2024-12-04T09:59:24.175Z] [runtime-status] [36040] Resolved module firebase-functions {"declared":true,"installed":true,"version":"6.1.1","resolution":"F:\\Projex\\Ebuddy\\ebuddy-backend-repo\\functions\\node_modules\\firebase-functions\\lib\\v2\\index.js"} {"metadata":{"emulator":{"name":"functions"},"function":{"name":"us-central1-api"},"extension":{},"message":"[runtime-status] [36040] Resolved module firebase-functions {\"declared\":true,\"installed\":true,\"version\":\"6.1.1\",\"resolution\":\"F:\\\\Projex\\\\Ebuddy\\\\ebuddy-backend-repo\\\\functions\\\\node_modules\\\\firebase-functions\\\\lib\\\\v2\\\\index.js\"}"}}
[debug] [2024-12-04T09:59:24.175Z] [runtime-status] [36040] Outgoing network have been stubbed. [{"name":"http","status":"mocked"},{"name":"http","status":"mocked"},{"name":"https","status":"mocked"},{"name":"https","status":"mocked"},{"name":"net","status":"mocked"}] {"metadata":{"emulator":{"name":"functions"},"function":{"name":"us-central1-api"},"extension":{},"message":"[runtime-status] [36040] Outgoing network have been stubbed. [{\"name\":\"http\",\"status\":\"mocked\"},{\"name\":\"http\",\"status\":\"mocked\"},{\"name\":\"https\",\"status\":\"mocked\"},{\"name\":\"https\",\"status\":\"mocked\"},{\"name\":\"net\",\"status\":\"mocked\"}]"}}
[debug] [2024-12-04T09:59:24.176Z] [runtime-status] [36040] Resolved module firebase-functions {"declared":true,"installed":true,"version":"6.1.1","resolution":"F:\\Projex\\Ebuddy\\ebuddy-backend-repo\\functions\\node_modules\\firebase-functions\\lib\\v2\\index.js"} {"metadata":{"emulator":{"name":"functions"},"function":{"name":"us-central1-api"},"extension":{},"message":"[runtime-status] [36040] Resolved module firebase-functions {\"declared\":true,\"installed\":true,\"version\":\"6.1.1\",\"resolution\":\"F:\\\\Projex\\\\Ebuddy\\\\ebuddy-backend-repo\\\\functions\\\\node_modules\\\\firebase-functions\\\\lib\\\\v2\\\\index.js\"}"}}
[debug] [2024-12-04T09:59:24.348Z] [runtime-status] [36040] Checked functions.config() {"config":{}} {"metadata":{"emulator":{"name":"functions"},"function":{"name":"us-central1-api"},"extension":{},"message":"[runtime-status] [36040] Checked functions.config() {\"config\":{}}"}}
[debug] [2024-12-04T09:59:24.348Z] [runtime-status] [36040] firebase-functions has been stubbed. {"functionsResolution":{"declared":true,"installed":true,"version":"6.1.1","resolution":"F:\\Projex\\Ebuddy\\ebuddy-backend-repo\\functions\\node_modules\\firebase-functions\\lib\\v2\\index.js"}} {"metadata":{"emulator":{"name":"functions"},"function":{"name":"us-central1-api"},"extension":{},"message":"[runtime-status] [36040] firebase-functions has been stubbed. {\"functionsResolution\":{\"declared\":true,\"installed\":true,\"version\":\"6.1.1\",\"resolution\":\"F:\\\\Projex\\\\Ebuddy\\\\ebuddy-backend-repo\\\\functions\\\\node_modules\\\\firebase-functions\\\\lib\\\\v2\\\\index.js\"}}"}}
[debug] [2024-12-04T09:59:24.349Z] [runtime-status] [36040] Resolved module firebase-functions {"declared":true,"installed":true,"version":"6.1.1","resolution":"F:\\Projex\\Ebuddy\\ebuddy-backend-repo\\functions\\node_modules\\firebase-functions\\lib\\v2\\index.js"} {"metadata":{"emulator":{"name":"functions"},"function":{"name":"us-central1-api"},"extension":{},"message":"[runtime-status] [36040] Resolved module firebase-functions {\"declared\":true,\"installed\":true,\"version\":\"6.1.1\",\"resolution\":\"F:\\\\Projex\\\\Ebuddy\\\\ebuddy-backend-repo\\\\functions\\\\node_modules\\\\firebase-functions\\\\lib\\\\v2\\\\index.js\"}"}}
[debug] [2024-12-04T09:59:24.351Z] [runtime-status] [36040] Resolved module firebase-admin {"declared":true,"installed":true,"version":"12.7.0","resolution":"F:\\Projex\\Ebuddy\\ebuddy-backend-repo\\functions\\node_modules\\firebase-admin\\lib\\index.js"} {"metadata":{"emulator":{"name":"functions"},"function":{"name":"us-central1-api"},"extension":{},"message":"[runtime-status] [36040] Resolved module firebase-admin {\"declared\":true,\"installed\":true,\"version\":\"12.7.0\",\"resolution\":\"F:\\\\Projex\\\\Ebuddy\\\\ebuddy-backend-repo\\\\functions\\\\node_modules\\\\firebase-admin\\\\lib\\\\index.js\"}"}}
[debug] [2024-12-04T09:59:24.353Z] [runtime-status] [36040] Resolved module firebase-functions {"declared":true,"installed":true,"version":"6.1.1","resolution":"F:\\Projex\\Ebuddy\\ebuddy-backend-repo\\functions\\node_modules\\firebase-functions\\lib\\v2\\index.js"} {"metadata":{"emulator":{"name":"functions"},"function":{"name":"us-central1-api"},"extension":{},"message":"[runtime-status] [36040] Resolved module firebase-functions {\"declared\":true,\"installed\":true,\"version\":\"6.1.1\",\"resolution\":\"F:\\\\Projex\\\\Ebuddy\\\\ebuddy-backend-repo\\\\functions\\\\node_modules\\\\firebase-functions\\\\lib\\\\v2\\\\index.js\"}"}}
[debug] [2024-12-04T09:59:24.354Z] [runtime-status] [36040] firebase-admin has been stubbed. {"adminResolution":{"declared":true,"installed":true,"version":"12.7.0","resolution":"F:\\Projex\\Ebuddy\\ebuddy-backend-repo\\functions\\node_modules\\firebase-admin\\lib\\index.js"}} {"metadata":{"emulator":{"name":"functions"},"function":{"name":"us-central1-api"},"extension":{},"message":"[runtime-status] [36040] firebase-admin has been stubbed. {\"adminResolution\":{\"declared\":true,\"installed\":true,\"version\":\"12.7.0\",\"resolution\":\"F:\\\\Projex\\\\Ebuddy\\\\ebuddy-backend-repo\\\\functions\\\\node_modules\\\\firebase-admin\\\\lib\\\\index.js\"}}"}}
[info] >  Using Firestore Emulator {"user":"Using Firestore Emulator","metadata":{"emulator":{"name":"functions"},"function":{"name":"us-central1-api"},"extension":{},"message":"\u001b[90m> \u001b[39m Using Firestore Emulator"}}
[debug] [2024-12-04T09:59:24.482Z] [runtime-status] [36040] Functions runtime initialized. {"cwd":"F:\\Projex\\Ebuddy\\ebuddy-backend-repo\\functions","node_version":"18.18.1"} {"metadata":{"emulator":{"name":"functions"},"function":{"name":"us-central1-api"},"extension":{},"message":"[runtime-status] [36040] Functions runtime initialized. {\"cwd\":\"F:\\\\Projex\\\\Ebuddy\\\\ebuddy-backend-repo\\\\functions\",\"node_version\":\"18.18.1\"}"}}
[debug] [2024-12-04T09:59:24.482Z] [runtime-status] [36040] Listening to port: \\?\pipe\fire_emu_d1e55e5b50ae0ff6 {"metadata":{"emulator":{"name":"functions"},"function":{"name":"us-central1-api"},"extension":{},"message":"[runtime-status] [36040] Listening to port: \\\\?\\pipe\\fire_emu_d1e55e5b50ae0ff6"}}
[debug] [2024-12-04T09:59:24.560Z] [worker-us-central1-api-5870dc25-b06c-4809-a2ed-7c0af02313a0]: IDLE {"metadata":{"emulator":{"name":"functions"},"function":{"name":"us-central1-api"},"extension":{},"message":"[worker-us-central1-api-5870dc25-b06c-4809-a2ed-7c0af02313a0]: IDLE"}}
[debug] [2024-12-04T09:59:24.560Z] [worker-pool] submitRequest(triggerId=us-central1-api) {"metadata":{"emulator":{"name":"functions"},"message":"[worker-pool] submitRequest(triggerId=us-central1-api)"}}
[info] i  functions: Beginning execution of "us-central1-api" {"metadata":{"emulator":{"name":"functions"},"function":{"name":"us-central1-api"},"extension":{},"message":"Beginning execution of \"us-central1-api\""}}
[debug] [2024-12-04T09:59:24.561Z] [worker-us-central1-api-5870dc25-b06c-4809-a2ed-7c0af02313a0]: BUSY {"metadata":{"emulator":{"name":"functions"},"function":{"name":"us-central1-api"},"extension":{},"message":"[worker-us-central1-api-5870dc25-b06c-4809-a2ed-7c0af02313a0]: BUSY"}}
[debug] [2024-12-04T09:59:24.564Z] Finishing up request with event=pause {"metadata":{"emulator":{"name":"functions"},"function":{"name":"us-central1-api"},"extension":{},"message":"Finishing up request with event=pause"}}
[info] i  functions: Finished "us-central1-api" in 3.3237ms {"metadata":{"emulator":{"name":"functions"},"function":{"name":"us-central1-api"},"extension":{},"message":"Finished \"us-central1-api\" in 3.3237ms"}}
[debug] [2024-12-04T09:59:24.565Z] [worker-us-central1-api-5870dc25-b06c-4809-a2ed-7c0af02313a0]: IDLE {"metadata":{"emulator":{"name":"functions"},"function":{"name":"us-central1-api"},"extension":{},"message":"[worker-us-central1-api-5870dc25-b06c-4809-a2ed-7c0af02313a0]: IDLE"}}
[debug] [2024-12-04T09:59:24.565Z] Finishing up request with event=finish {"metadata":{"emulator":{"name":"functions"},"function":{"name":"us-central1-api"},"extension":{},"message":"Finishing up request with event=finish"}}
[debug] [2024-12-04T09:59:24.565Z] Finishing up request with event=close {"metadata":{"emulator":{"name":"functions"},"function":{"name":"us-central1-api"},"extension":{},"message":"Finishing up request with event=close"}}
[debug] [2024-12-04T09:59:24.565Z] [work-queue] {"queuedWork":[],"queueLength":0,"runningWork":[],"workRunningCount":0}
[debug] [2024-12-04T09:59:24.567Z] [work-queue] {"queuedWork":["/ebuddy-test-5d9dc/us-central1/api/fetch-user-data-2024-12-04T09:59:24.567Z"],"queueLength":1,"runningWork":[],"workRunningCount":0}
[debug] [2024-12-04T09:59:24.567Z] [work-queue] {"queuedWork":[],"queueLength":0,"runningWork":["/ebuddy-test-5d9dc/us-central1/api/fetch-user-data-2024-12-04T09:59:24.567Z"],"workRunningCount":1}
[debug] [2024-12-04T09:59:24.567Z] Accepted request GET /ebuddy-test-5d9dc/us-central1/api/fetch-user-data --> us-central1-api
[debug] [2024-12-04T09:59:24.571Z] [functions] Runtime ready! Sending request! {"metadata":{"emulator":{"name":"functions"},"message":"[functions] Runtime ready! Sending request!"}}
[debug] [2024-12-04T09:59:24.571Z] [functions] Got req.url=/ebuddy-test-5d9dc/us-central1/api/fetch-user-data, mapping to path=/fetch-user-data {"metadata":{"emulator":{"name":"functions"},"message":"[functions] Got req.url=/ebuddy-test-5d9dc/us-central1/api/fetch-user-data, mapping to path=/fetch-user-data"}}
[debug] [2024-12-04T09:59:24.572Z] [worker-pool] submitRequest(triggerId=us-central1-api) {"metadata":{"emulator":{"name":"functions"},"message":"[worker-pool] submitRequest(triggerId=us-central1-api)"}}
[info] i  functions: Beginning execution of "us-central1-api" {"metadata":{"emulator":{"name":"functions"},"function":{"name":"us-central1-api"},"extension":{},"message":"Beginning execution of \"us-central1-api\""}}
[debug] [2024-12-04T09:59:24.572Z] [worker-us-central1-api-5870dc25-b06c-4809-a2ed-7c0af02313a0]: BUSY {"metadata":{"emulator":{"name":"functions"},"function":{"name":"us-central1-api"},"extension":{},"message":"[worker-us-central1-api-5870dc25-b06c-4809-a2ed-7c0af02313a0]: BUSY"}}
[debug] [2024-12-04T09:59:25.611Z] Finishing up request with event=pause {"metadata":{"emulator":{"name":"functions"},"function":{"name":"us-central1-api"},"extension":{},"message":"Finishing up request with event=pause"}}
[info] i  functions: Finished "us-central1-api" in 1039.4695ms {"metadata":{"emulator":{"name":"functions"},"function":{"name":"us-central1-api"},"extension":{},"message":"Finished \"us-central1-api\" in 1039.4695ms"}}
[debug] [2024-12-04T09:59:25.612Z] [worker-us-central1-api-5870dc25-b06c-4809-a2ed-7c0af02313a0]: IDLE {"metadata":{"emulator":{"name":"functions"},"function":{"name":"us-central1-api"},"extension":{},"message":"[worker-us-central1-api-5870dc25-b06c-4809-a2ed-7c0af02313a0]: IDLE"}}
[debug] [2024-12-04T09:59:25.612Z] Finishing up request with event=finish {"metadata":{"emulator":{"name":"functions"},"function":{"name":"us-central1-api"},"extension":{},"message":"Finishing up request with event=finish"}}
[debug] [2024-12-04T09:59:25.612Z] Finishing up request with event=close {"metadata":{"emulator":{"name":"functions"},"function":{"name":"us-central1-api"},"extension":{},"message":"Finishing up request with event=close"}}
[debug] [2024-12-04T09:59:25.612Z] [work-queue] {"queuedWork":[],"queueLength":0,"runningWork":[],"workRunningCount":0}
[debug] [2024-12-04T09:59:29.684Z] [work-queue] {"queuedWork":["/ebuddy-test-5d9dc/us-central1/api/update-user-data-2024-12-04T09:59:29.684Z"],"queueLength":1,"runningWork":[],"workRunningCount":0}
[debug] [2024-12-04T09:59:29.685Z] [work-queue] {"queuedWork":[],"queueLength":0,"runningWork":["/ebuddy-test-5d9dc/us-central1/api/update-user-data-2024-12-04T09:59:29.684Z"],"workRunningCount":1}
[debug] [2024-12-04T09:59:29.685Z] Accepted request OPTIONS /ebuddy-test-5d9dc/us-central1/api/update-user-data --> us-central1-api
[debug] [2024-12-04T09:59:29.686Z] [functions] Runtime ready! Sending request! {"metadata":{"emulator":{"name":"functions"},"message":"[functions] Runtime ready! Sending request!"}}
[debug] [2024-12-04T09:59:29.686Z] [functions] Got req.url=/ebuddy-test-5d9dc/us-central1/api/update-user-data, mapping to path=/update-user-data {"metadata":{"emulator":{"name":"functions"},"message":"[functions] Got req.url=/ebuddy-test-5d9dc/us-central1/api/update-user-data, mapping to path=/update-user-data"}}
[debug] [2024-12-04T09:59:29.686Z] [worker-pool] submitRequest(triggerId=us-central1-api) {"metadata":{"emulator":{"name":"functions"},"message":"[worker-pool] submitRequest(triggerId=us-central1-api)"}}
[info] i  functions: Beginning execution of "us-central1-api" {"metadata":{"emulator":{"name":"functions"},"function":{"name":"us-central1-api"},"extension":{},"message":"Beginning execution of \"us-central1-api\""}}
[debug] [2024-12-04T09:59:29.687Z] [worker-us-central1-api-5870dc25-b06c-4809-a2ed-7c0af02313a0]: BUSY {"metadata":{"emulator":{"name":"functions"},"function":{"name":"us-central1-api"},"extension":{},"message":"[worker-us-central1-api-5870dc25-b06c-4809-a2ed-7c0af02313a0]: BUSY"}}
[debug] [2024-12-04T09:59:29.688Z] Finishing up request with event=pause {"metadata":{"emulator":{"name":"functions"},"function":{"name":"us-central1-api"},"extension":{},"message":"Finishing up request with event=pause"}}
[info] i  functions: Finished "us-central1-api" in 1.741ms {"metadata":{"emulator":{"name":"functions"},"function":{"name":"us-central1-api"},"extension":{},"message":"Finished \"us-central1-api\" in 1.741ms"}}
[debug] [2024-12-04T09:59:29.689Z] [worker-us-central1-api-5870dc25-b06c-4809-a2ed-7c0af02313a0]: IDLE {"metadata":{"emulator":{"name":"functions"},"function":{"name":"us-central1-api"},"extension":{},"message":"[worker-us-central1-api-5870dc25-b06c-4809-a2ed-7c0af02313a0]: IDLE"}}
[debug] [2024-12-04T09:59:29.689Z] Finishing up request with event=finish {"metadata":{"emulator":{"name":"functions"},"function":{"name":"us-central1-api"},"extension":{},"message":"Finishing up request with event=finish"}}
[debug] [2024-12-04T09:59:29.689Z] Finishing up request with event=close {"metadata":{"emulator":{"name":"functions"},"function":{"name":"us-central1-api"},"extension":{},"message":"Finishing up request with event=close"}}
[debug] [2024-12-04T09:59:29.689Z] [work-queue] {"queuedWork":[],"queueLength":0,"runningWork":[],"workRunningCount":0}
[debug] [2024-12-04T09:59:29.689Z] [work-queue] {"queuedWork":["/ebuddy-test-5d9dc/us-central1/api/update-user-data-2024-12-04T09:59:29.689Z"],"queueLength":1,"runningWork":[],"workRunningCount":0}
[debug] [2024-12-04T09:59:29.689Z] [work-queue] {"queuedWork":[],"queueLength":0,"runningWork":["/ebuddy-test-5d9dc/us-central1/api/update-user-data-2024-12-04T09:59:29.689Z"],"workRunningCount":1}
[debug] [2024-12-04T09:59:29.689Z] Accepted request POST /ebuddy-test-5d9dc/us-central1/api/update-user-data --> us-central1-api
[debug] [2024-12-04T09:59:29.690Z] [functions] Runtime ready! Sending request! {"metadata":{"emulator":{"name":"functions"},"message":"[functions] Runtime ready! Sending request!"}}
[debug] [2024-12-04T09:59:29.691Z] [functions] Got req.url=/ebuddy-test-5d9dc/us-central1/api/update-user-data, mapping to path=/update-user-data {"metadata":{"emulator":{"name":"functions"},"message":"[functions] Got req.url=/ebuddy-test-5d9dc/us-central1/api/update-user-data, mapping to path=/update-user-data"}}
[debug] [2024-12-04T09:59:29.691Z] [worker-pool] submitRequest(triggerId=us-central1-api) {"metadata":{"emulator":{"name":"functions"},"message":"[worker-pool] submitRequest(triggerId=us-central1-api)"}}
[info] i  functions: Beginning execution of "us-central1-api" {"metadata":{"emulator":{"name":"functions"},"function":{"name":"us-central1-api"},"extension":{},"message":"Beginning execution of \"us-central1-api\""}}
[debug] [2024-12-04T09:59:29.691Z] [worker-us-central1-api-5870dc25-b06c-4809-a2ed-7c0af02313a0]: BUSY {"metadata":{"emulator":{"name":"functions"},"function":{"name":"us-central1-api"},"extension":{},"message":"[worker-us-central1-api-5870dc25-b06c-4809-a2ed-7c0af02313a0]: BUSY"}}
[debug] [2024-12-04T09:59:29.869Z] Finishing up request with event=pause {"metadata":{"emulator":{"name":"functions"},"function":{"name":"us-central1-api"},"extension":{},"message":"Finishing up request with event=pause"}}
[info] i  functions: Finished "us-central1-api" in 177.4849ms {"metadata":{"emulator":{"name":"functions"},"function":{"name":"us-central1-api"},"extension":{},"message":"Finished \"us-central1-api\" in 177.4849ms"}}
[debug] [2024-12-04T09:59:29.869Z] [worker-us-central1-api-5870dc25-b06c-4809-a2ed-7c0af02313a0]: IDLE {"metadata":{"emulator":{"name":"functions"},"function":{"name":"us-central1-api"},"extension":{},"message":"[worker-us-central1-api-5870dc25-b06c-4809-a2ed-7c0af02313a0]: IDLE"}}
[debug] [2024-12-04T09:59:29.869Z] Finishing up request with event=finish {"metadata":{"emulator":{"name":"functions"},"function":{"name":"us-central1-api"},"extension":{},"message":"Finishing up request with event=finish"}}
[debug] [2024-12-04T09:59:29.869Z] Finishing up request with event=close {"metadata":{"emulator":{"name":"functions"},"function":{"name":"us-central1-api"},"extension":{},"message":"Finishing up request with event=close"}}
[debug] [2024-12-04T09:59:29.869Z] [work-queue] {"queuedWork":[],"queueLength":0,"runningWork":[],"workRunningCount":0}
